# HCA mlx4_0 supports atomic operations
# max_qp_wr=16351
# max_qp_rd_atom=16
# HCA mlx4_0 supports Shared Receive Queues.
# HCA mlx4_0 supports multicast groups.
# HCA mlx4_0 supports maximum 16351 WRs.
# pkey_value = 65535 for index 0
# ib_port_attr.active_mtu = 5 (4096 bytes)
# device->mtu = 4 (2048 bytes)
# device->port_num = 1
# ib_port_attr.lid = 41
ipv6_addr: [ff12:4001:ffff::a14:101]
# mcast addr: [ff12:4001:ffff::a14:101]
# IBDEV->rc_max_send_wr = 710
# IBDEV->rc_cqe = 9230
# MAX_INLINE_DATA = 512
[1621634434:895242] New connection: #1

### RC info ###
[00] ME
[01]  log: RQPN=872; LQPN=905; RMR=[139904044625936; 402736143]; LMR=[139621207777296; 1073824785]
     ctrl: RQPN=871; LQPN=904; RMR=[18379936; 402735887]; LMR=[18859168; 1073824529]
[02] NO RC


[1621634434:895800] [T1] Start election
LOG [67108864]: h=0; a=0; c=0; t=67108864; e=67108864
[1621634434:895806] [T1] Revoked log access
[1621634434:913401] [T1] Revoked log access
   # Local [idx=0; term=0]
   # Remote(p1) [idx=0; term=0]
[1621634434:913419] [T2] Vote for p1
[1621634434:913768] [T2] Granted log access to p1
[1621634435:557109] New connection: #2
[1621634448:547096] SIGINT detected; shutdown
